<?xml version="1.0" encoding="UTF-8"?>
<testng-results ignored="0" total="4" passed="3" failed="1" skipped="0">
  <reporter-output>
  </reporter-output>
  <suite started-at="2024-03-04T12:15:56 PST" name="Suite" finished-at="2024-03-04T12:18:59 PST" duration-ms="182171">
    <groups>
      <group name="Regression">
        <method signature="TotalSumValidate.fillForm(java.util.HashMap)[pri:0, instance:com.android.tests.TotalSumValidate@5812f68b]" name="fillForm" class="com.android.tests.TotalSumValidate"/>
      </group> <!-- Regression -->
      <group name="smoke">
        <method signature="TotalSumValidate.fillForm(java.util.HashMap)[pri:0, instance:com.android.tests.TotalSumValidate@5812f68b]" name="fillForm" class="com.android.tests.TotalSumValidate"/>
      </group> <!-- smoke -->
    </groups>
    <test started-at="2024-03-04T12:15:56 PST" name="End to end test framework" finished-at="2024-03-04T12:18:06 PST" duration-ms="129544">
      <class name="com.android.tests.TotalSumValidate">
        <test-method is-config="true" signature="StartAppiumService()[pri:0, instance:com.android.tests.TotalSumValidate@5812f68b]" started-at="2024-03-04T12:15:57 PST" name="StartAppiumService" finished-at="2024-03-04T12:16:51 PST" duration-ms="54622" status="PASS">
          <reporter-output>
          </reporter-output>
        </test-method> <!-- StartAppiumService -->
        <test-method is-config="true" signature="preSetup()[pri:0, instance:com.android.tests.TotalSumValidate@5812f68b]" started-at="2024-03-04T12:16:53 PST" name="preSetup" finished-at="2024-03-04T12:16:53 PST" duration-ms="510" status="PASS">
          <reporter-output>
          </reporter-output>
        </test-method> <!-- preSetup -->
        <test-method signature="fillForm(java.util.HashMap)[pri:0, instance:com.android.tests.TotalSumValidate@5812f68b]" started-at="2024-03-04T12:16:53 PST" name="fillForm" description="test" data-provider="getTestData" finished-at="2024-03-04T12:17:34 PST" duration-ms="40699" status="PASS">
          <params>
            <param index="0">
              <value>
                <![CDATA[{name=Preethi, country=Argentina, gender=female}]]>
              </value>
            </param>
          </params>
          <reporter-output>
          </reporter-output>
        </test-method> <!-- fillForm -->
        <test-method is-config="true" signature="preSetup()[pri:0, instance:com.android.tests.TotalSumValidate@5812f68b]" started-at="2024-03-04T12:17:34 PST" name="preSetup" finished-at="2024-03-04T12:17:34 PST" duration-ms="318" status="PASS">
          <reporter-output>
          </reporter-output>
        </test-method> <!-- preSetup -->
        <test-method signature="fillForm(java.util.HashMap)[pri:0, instance:com.android.tests.TotalSumValidate@5812f68b]" started-at="2024-03-04T12:17:34 PST" name="fillForm" description="test" data-provider="getTestData" finished-at="2024-03-04T12:18:04 PST" duration-ms="29955" status="PASS">
          <params>
            <param index="0">
              <value>
                <![CDATA[{name=Gnani, country=Algeria, gender=male}]]>
              </value>
            </param>
          </params>
          <reporter-output>
          </reporter-output>
        </test-method> <!-- fillForm -->
        <test-method is-config="true" signature="tearDown()[pri:0, instance:com.android.tests.TotalSumValidate@5812f68b]" started-at="2024-03-04T12:18:04 PST" name="tearDown" finished-at="2024-03-04T12:18:06 PST" duration-ms="1623" status="PASS">
          <reporter-output>
          </reporter-output>
        </test-method> <!-- tearDown -->
      </class> <!-- com.android.tests.TotalSumValidate -->
    </test> <!-- End to end test framework -->
    <test started-at="2024-03-04T12:18:08 PST" name="Error validations" finished-at="2024-03-04T12:18:59 PST" duration-ms="51118">
      <class name="com.android.tests.TestCase">
        <test-method is-config="true" signature="StartAppiumService()[pri:0, instance:com.android.tests.TestCase@561868a0]" started-at="2024-03-04T12:18:08 PST" name="StartAppiumService" finished-at="2024-03-04T12:18:34 PST" duration-ms="26934" status="PASS">
          <reporter-output>
          </reporter-output>
        </test-method> <!-- StartAppiumService -->
        <test-method is-config="true" signature="preSetup()[pri:0, instance:com.android.tests.TestCase@561868a0]" started-at="2024-03-04T12:18:34 PST" name="preSetup" finished-at="2024-03-04T12:18:35 PST" duration-ms="148" status="PASS">
          <reporter-output>
          </reporter-output>
        </test-method> <!-- preSetup -->
        <test-method signature="verifyErrorMsg()[pri:1, instance:com.android.tests.TestCase@561868a0]" started-at="2024-03-04T12:18:35 PST" name="verifyErrorMsg" finished-at="2024-03-04T12:18:44 PST" duration-ms="9776" status="FAIL">
          <exception class="java.lang.AssertionError">
            <message>
              <![CDATA[expected [Please enter name] but found [Please enter your name]]]>
            </message>
            <full-stacktrace>
              <![CDATA[java.lang.AssertionError: expected [Please enter name] but found [Please enter your name]
at org.testng.Assert.fail(Assert.java:111)
at org.testng.Assert.failNotEquals(Assert.java:1578)
at org.testng.Assert.assertEqualsImpl(Assert.java:150)
at org.testng.Assert.assertEquals(Assert.java:132)
at org.testng.Assert.assertEquals(Assert.java:656)
at org.testng.Assert.assertEquals(Assert.java:666)
at com.android.tests.TestCase.verifyErrorMsg(TestCase.java:29)
at java.base/jdk.internal.reflect.NativeMethodAccessorImpl.invoke0(Native Method)
at java.base/jdk.internal.reflect.NativeMethodAccessorImpl.invoke(NativeMethodAccessorImpl.java:62)
at java.base/jdk.internal.reflect.DelegatingMethodAccessorImpl.invoke(DelegatingMethodAccessorImpl.java:43)
at java.base/java.lang.reflect.Method.invoke(Method.java:566)
at org.testng.internal.invokers.MethodInvocationHelper.invokeMethod(MethodInvocationHelper.java:139)
at org.testng.internal.invokers.TestInvoker.invokeMethod(TestInvoker.java:664)
at org.testng.internal.invokers.TestInvoker.invokeTestMethod(TestInvoker.java:228)
at org.testng.internal.invokers.MethodRunner.runInSequence(MethodRunner.java:63)
at org.testng.internal.invokers.TestInvoker$MethodInvocationAgent.invoke(TestInvoker.java:961)
at org.testng.internal.invokers.TestInvoker.invokeTestMethods(TestInvoker.java:201)
at org.testng.internal.invokers.TestMethodWorker.invokeTestMethods(TestMethodWorker.java:148)
at org.testng.internal.invokers.TestMethodWorker.run(TestMethodWorker.java:128)
at java.base/java.util.ArrayList.forEach(ArrayList.java:1541)
at org.testng.TestRunner.privateRun(TestRunner.java:819)
at org.testng.TestRunner.run(TestRunner.java:619)
at org.testng.SuiteRunner.runTest(SuiteRunner.java:443)
at org.testng.SuiteRunner.runSequentially(SuiteRunner.java:437)
at org.testng.SuiteRunner.privateRun(SuiteRunner.java:397)
at org.testng.SuiteRunner.run(SuiteRunner.java:336)
at org.testng.SuiteRunnerWorker.runSuite(SuiteRunnerWorker.java:52)
at org.testng.SuiteRunnerWorker.run(SuiteRunnerWorker.java:95)
at org.testng.TestNG.runSuitesSequentially(TestNG.java:1301)
at org.testng.TestNG.runSuitesLocally(TestNG.java:1228)
at org.testng.TestNG.runSuites(TestNG.java:1134)
at org.testng.TestNG.run(TestNG.java:1101)
at org.apache.maven.surefire.testng.TestNGExecutor.run(TestNGExecutor.java:308)
at org.apache.maven.surefire.testng.TestNGXmlTestSuite.execute(TestNGXmlTestSuite.java:71)
at org.apache.maven.surefire.testng.TestNGProvider.invoke(TestNGProvider.java:113)
at org.apache.maven.surefire.booter.ForkedBooter.runSuitesInProcess(ForkedBooter.java:385)
at org.apache.maven.surefire.booter.ForkedBooter.execute(ForkedBooter.java:162)
at org.apache.maven.surefire.booter.ForkedBooter.run(ForkedBooter.java:507)
at org.apache.maven.surefire.booter.ForkedBooter.main(ForkedBooter.java:495)
]]>
            </full-stacktrace>
          </exception> <!-- java.lang.AssertionError -->
          <reporter-output>
          </reporter-output>
        </test-method> <!-- verifyErrorMsg -->
        <test-method is-config="true" signature="preSetup()[pri:0, instance:com.android.tests.TestCase@561868a0]" started-at="2024-03-04T12:18:47 PST" name="preSetup" finished-at="2024-03-04T12:18:47 PST" duration-ms="178" status="PASS">
          <reporter-output>
          </reporter-output>
        </test-method> <!-- preSetup -->
        <test-method signature="PositiveFlow()[pri:2, instance:com.android.tests.TestCase@561868a0]" started-at="2024-03-04T12:18:47 PST" name="PositiveFlow" finished-at="2024-03-04T12:18:57 PST" duration-ms="10276" status="PASS">
          <reporter-output>
          </reporter-output>
        </test-method> <!-- PositiveFlow -->
        <test-method is-config="true" signature="tearDown()[pri:0, instance:com.android.tests.TestCase@561868a0]" started-at="2024-03-04T12:18:57 PST" name="tearDown" finished-at="2024-03-04T12:18:59 PST" duration-ms="1380" status="PASS">
          <reporter-output>
          </reporter-output>
        </test-method> <!-- tearDown -->
      </class> <!-- com.android.tests.TestCase -->
    </test> <!-- Error validations -->
  </suite> <!-- Suite -->
</testng-results>
